  ConsoleApplication1.cpp
C:\Users\Pc\Documents\GitHub\Farmacia-App\app\ConsoleApplication1\ConsoleApplication1.cpp(32,23): error C2677: '<' binario: no se encontró un operador global que adopte el tipo 'Producto' (o bien no existe una conversión aceptable)
      C:\Program Files\Microsoft Visual Studio\2022\Professional\VC\Tools\MSVC\14.43.34808\include\memory(3704,30):
      puede ser 'bool std::operator <(std::nullptr_t,const std::unique_ptr<_Ty,_Dx> &)'
          C:\Users\Pc\Documents\GitHub\Farmacia-App\app\ConsoleApplication1\ConsoleApplication1.cpp(32,21):
          "bool std::operator <(std::nullptr_t,const std::unique_ptr<_Ty,_Dx> &)": no se pudo deducir el argumento plantilla para "const std::unique_ptr<_Ty,_Dx> &" de "Producto"
      C:\Program Files\Microsoft Visual Studio\2022\Professional\VC\Tools\MSVC\14.43.34808\include\memory(3698,30):
      o       'bool std::operator <(const std::unique_ptr<_Ty,_Dx> &,std::nullptr_t)'
          C:\Users\Pc\Documents\GitHub\Farmacia-App\app\ConsoleApplication1\ConsoleApplication1.cpp(32,21):
          "bool std::operator <(const std::unique_ptr<_Ty,_Dx> &,std::nullptr_t)": no se pudo deducir el argumento plantilla para "const std::unique_ptr<_Ty,_Dx> &" de "int"
      C:\Program Files\Microsoft Visual Studio\2022\Professional\VC\Tools\MSVC\14.43.34808\include\memory(3642,17):
      o       'bool std::operator <(const std::unique_ptr<_Ty,_Dx> &,const std::unique_ptr<_Ty2,_Dx2> &)'
          C:\Users\Pc\Documents\GitHub\Farmacia-App\app\ConsoleApplication1\ConsoleApplication1.cpp(32,21):
          "bool std::operator <(const std::unique_ptr<_Ty,_Dx> &,const std::unique_ptr<_Ty2,_Dx2> &)": no se pudo deducir el argumento plantilla para "const std::unique_ptr<_Ty,_Dx> &" de "int"
      C:\Program Files\Microsoft Visual Studio\2022\Professional\VC\Tools\MSVC\14.43.34808\include\memory(1940,17):
      o       'bool std::operator <(std::nullptr_t,const std::shared_ptr<_Ty> &) noexcept'
          C:\Users\Pc\Documents\GitHub\Farmacia-App\app\ConsoleApplication1\ConsoleApplication1.cpp(32,21):
          "bool std::operator <(std::nullptr_t,const std::shared_ptr<_Ty> &) noexcept": no se pudo deducir el argumento plantilla para "const std::shared_ptr<_Ty> &" de "Producto"
      C:\Program Files\Microsoft Visual Studio\2022\Professional\VC\Tools\MSVC\14.43.34808\include\memory(1935,17):
      o       'bool std::operator <(const std::shared_ptr<_Ty> &,std::nullptr_t) noexcept'
          C:\Users\Pc\Documents\GitHub\Farmacia-App\app\ConsoleApplication1\ConsoleApplication1.cpp(32,21):
          "bool std::operator <(const std::shared_ptr<_Ty> &,std::nullptr_t) noexcept": no se pudo deducir el argumento plantilla para "const std::shared_ptr<_Ty> &" de "int"
      C:\Program Files\Microsoft Visual Studio\2022\Professional\VC\Tools\MSVC\14.43.34808\include\memory(1888,17):
      o       'bool std::operator <(const std::shared_ptr<_Ty> &,const std::shared_ptr<_Ty0> &) noexcept'
          C:\Users\Pc\Documents\GitHub\Farmacia-App\app\ConsoleApplication1\ConsoleApplication1.cpp(32,21):
          "bool std::operator <(const std::shared_ptr<_Ty> &,const std::shared_ptr<_Ty0> &) noexcept": no se pudo deducir el argumento plantilla para "const std::shared_ptr<_Ty> &" de "int"
      C:\Program Files\Microsoft Visual Studio\2022\Professional\VC\Tools\MSVC\14.43.34808\include\xstring(3282,17):
      o       'bool std::operator <(const std::basic_string<_Elem,_Traits,_Alloc> &,const _Elem *const ) noexcept'
          C:\Users\Pc\Documents\GitHub\Farmacia-App\app\ConsoleApplication1\ConsoleApplication1.cpp(32,21):
          "bool std::operator <(const std::basic_string<_Elem,_Traits,_Alloc> &,const _Elem *const ) noexcept": no se pudo deducir el argumento plantilla para "const std::basic_string<_Elem,_Traits,_Alloc> &" de "int"
      C:\Program Files\Microsoft Visual Studio\2022\Professional\VC\Tools\MSVC\14.43.34808\include\xstring(3276,17):
      o       'bool std::operator <(const _Elem *const ,const std::basic_string<_Elem,_Traits,_Alloc> &) noexcept'
          C:\Users\Pc\Documents\GitHub\Farmacia-App\app\ConsoleApplication1\ConsoleApplication1.cpp(32,21):
          "bool std::operator <(const _Elem *const ,const std::basic_string<_Elem,_Traits,_Alloc> &) noexcept": no se pudo deducir el argumento plantilla para "const _Elem *const " de "int"
      C:\Program Files\Microsoft Visual Studio\2022\Professional\VC\Tools\MSVC\14.43.34808\include\xstring(3270,17):
      o       'bool std::operator <(const std::basic_string<_Elem,_Traits,_Alloc> &,const std::basic_string<_Elem,_Traits,_Alloc> &) noexcept'
          C:\Users\Pc\Documents\GitHub\Farmacia-App\app\ConsoleApplication1\ConsoleApplication1.cpp(32,21):
          "bool std::operator <(const std::basic_string<_Elem,_Traits,_Alloc> &,const std::basic_string<_Elem,_Traits,_Alloc> &) noexcept": no se pudo deducir el argumento plantilla para "const std::basic_string<_Elem,_Traits,_Alloc> &" de "int"
      C:\Program Files\Microsoft Visual Studio\2022\Professional\VC\Tools\MSVC\14.43.34808\include\xutility(4494,30):
      o       'bool std::operator <(const std::move_iterator<_Iter> &,const std::move_iterator<_Iter2> &) noexcept(<expr>)'
          C:\Users\Pc\Documents\GitHub\Farmacia-App\app\ConsoleApplication1\ConsoleApplication1.cpp(32,21):
          "bool std::operator <(const std::move_iterator<_Iter> &,const std::move_iterator<_Iter2> &) noexcept(<expr>)": no se pudo deducir el argumento plantilla para "const std::move_iterator<_Iter> &" de "int"
      C:\Program Files\Microsoft Visual Studio\2022\Professional\VC\Tools\MSVC\14.43.34808\include\xutility(1950,30):
      o       'bool std::operator <(const std::reverse_iterator<_BidIt> &,const std::reverse_iterator<_BidIt2> &) noexcept(<expr>)'
          C:\Users\Pc\Documents\GitHub\Farmacia-App\app\ConsoleApplication1\ConsoleApplication1.cpp(32,21):
          "bool std::operator <(const std::reverse_iterator<_BidIt> &,const std::reverse_iterator<_BidIt2> &) noexcept(<expr>)": no se pudo deducir el argumento plantilla para "const std::reverse_iterator<_BidIt> &" de "int"
      C:\Program Files\Microsoft Visual Studio\2022\Professional\VC\Tools\MSVC\14.43.34808\include\utility(524,27):
      o       'bool std::operator <(const std::pair<_Ty1,_Ty2> &,const std::pair<_Uty1,_Uty2> &)'
          C:\Users\Pc\Documents\GitHub\Farmacia-App\app\ConsoleApplication1\ConsoleApplication1.cpp(32,21):
          "bool std::operator <(const std::pair<_Ty1,_Ty2> &,const std::pair<_Uty1,_Uty2> &)": no se pudo deducir el argumento plantilla para "const std::pair<_Ty1,_Ty2> &" de "int"
  
C:\Users\Pc\Documents\GitHub\Farmacia-App\app\ConsoleApplication1\ConsoleApplication1.cpp(34,41): error C2676: '[' binario: 'Producto' no define este operador o una conversión a un tipo aceptable para el operador predefinido
C:\Users\Pc\Documents\GitHub\Farmacia-App\app\ConsoleApplication1\ConsoleApplication1.cpp(35,44): error C2676: '[' binario: 'Producto' no define este operador o una conversión a un tipo aceptable para el operador predefinido
C:\Users\Pc\Documents\GitHub\Farmacia-App\app\ConsoleApplication1\ConsoleApplication1.cpp(36,42): error C2676: '[' binario: 'Producto' no define este operador o una conversión a un tipo aceptable para el operador predefinido
C:\Users\Pc\Documents\GitHub\Farmacia-App\app\ConsoleApplication1\ConsoleApplication1.cpp(37,40): error C2676: '[' binario: 'Producto' no define este operador o una conversión a un tipo aceptable para el operador predefinido
C:\Users\Pc\Documents\GitHub\Farmacia-App\app\ConsoleApplication1\ConsoleApplication1.cpp(43,20): error C2677: '<' binario: no se encontró un operador global que adopte el tipo 'Producto' (o bien no existe una conversión aceptable)
      C:\Program Files\Microsoft Visual Studio\2022\Professional\VC\Tools\MSVC\14.43.34808\include\memory(3704,30):
      puede ser 'bool std::operator <(std::nullptr_t,const std::unique_ptr<_Ty,_Dx> &)'
          C:\Users\Pc\Documents\GitHub\Farmacia-App\app\ConsoleApplication1\ConsoleApplication1.cpp(43,18):
          "bool std::operator <(std::nullptr_t,const std::unique_ptr<_Ty,_Dx> &)": no se pudo deducir el argumento plantilla para "const std::unique_ptr<_Ty,_Dx> &" de "Producto"
      C:\Program Files\Microsoft Visual Studio\2022\Professional\VC\Tools\MSVC\14.43.34808\include\memory(3698,30):
      o       'bool std::operator <(const std::unique_ptr<_Ty,_Dx> &,std::nullptr_t)'
          C:\Users\Pc\Documents\GitHub\Farmacia-App\app\ConsoleApplication1\ConsoleApplication1.cpp(43,18):
          "bool std::operator <(const std::unique_ptr<_Ty,_Dx> &,std::nullptr_t)": no se pudo deducir el argumento plantilla para "const std::unique_ptr<_Ty,_Dx> &" de "int"
      C:\Program Files\Microsoft Visual Studio\2022\Professional\VC\Tools\MSVC\14.43.34808\include\memory(3642,17):
      o       'bool std::operator <(const std::unique_ptr<_Ty,_Dx> &,const std::unique_ptr<_Ty2,_Dx2> &)'
          C:\Users\Pc\Documents\GitHub\Farmacia-App\app\ConsoleApplication1\ConsoleApplication1.cpp(43,18):
          "bool std::operator <(const std::unique_ptr<_Ty,_Dx> &,const std::unique_ptr<_Ty2,_Dx2> &)": no se pudo deducir el argumento plantilla para "const std::unique_ptr<_Ty,_Dx> &" de "int"
      C:\Program Files\Microsoft Visual Studio\2022\Professional\VC\Tools\MSVC\14.43.34808\include\memory(1940,17):
      o       'bool std::operator <(std::nullptr_t,const std::shared_ptr<_Ty> &) noexcept'
          C:\Users\Pc\Documents\GitHub\Farmacia-App\app\ConsoleApplication1\ConsoleApplication1.cpp(43,18):
          "bool std::operator <(std::nullptr_t,const std::shared_ptr<_Ty> &) noexcept": no se pudo deducir el argumento plantilla para "const std::shared_ptr<_Ty> &" de "Producto"
      C:\Program Files\Microsoft Visual Studio\2022\Professional\VC\Tools\MSVC\14.43.34808\include\memory(1935,17):
      o       'bool std::operator <(const std::shared_ptr<_Ty> &,std::nullptr_t) noexcept'
          C:\Users\Pc\Documents\GitHub\Farmacia-App\app\ConsoleApplication1\ConsoleApplication1.cpp(43,18):
          "bool std::operator <(const std::shared_ptr<_Ty> &,std::nullptr_t) noexcept": no se pudo deducir el argumento plantilla para "const std::shared_ptr<_Ty> &" de "int"
      C:\Program Files\Microsoft Visual Studio\2022\Professional\VC\Tools\MSVC\14.43.34808\include\memory(1888,17):
      o       'bool std::operator <(const std::shared_ptr<_Ty> &,const std::shared_ptr<_Ty0> &) noexcept'
          C:\Users\Pc\Documents\GitHub\Farmacia-App\app\ConsoleApplication1\ConsoleApplication1.cpp(43,18):
          "bool std::operator <(const std::shared_ptr<_Ty> &,const std::shared_ptr<_Ty0> &) noexcept": no se pudo deducir el argumento plantilla para "const std::shared_ptr<_Ty> &" de "int"
      C:\Program Files\Microsoft Visual Studio\2022\Professional\VC\Tools\MSVC\14.43.34808\include\xstring(3282,17):
      o       'bool std::operator <(const std::basic_string<_Elem,_Traits,_Alloc> &,const _Elem *const ) noexcept'
          C:\Users\Pc\Documents\GitHub\Farmacia-App\app\ConsoleApplication1\ConsoleApplication1.cpp(43,18):
          "bool std::operator <(const std::basic_string<_Elem,_Traits,_Alloc> &,const _Elem *const ) noexcept": no se pudo deducir el argumento plantilla para "const std::basic_string<_Elem,_Traits,_Alloc> &" de "int"
      C:\Program Files\Microsoft Visual Studio\2022\Professional\VC\Tools\MSVC\14.43.34808\include\xstring(3276,17):
      o       'bool std::operator <(const _Elem *const ,const std::basic_string<_Elem,_Traits,_Alloc> &) noexcept'
          C:\Users\Pc\Documents\GitHub\Farmacia-App\app\ConsoleApplication1\ConsoleApplication1.cpp(43,18):
          "bool std::operator <(const _Elem *const ,const std::basic_string<_Elem,_Traits,_Alloc> &) noexcept": no se pudo deducir el argumento plantilla para "const _Elem *const " de "int"
      C:\Program Files\Microsoft Visual Studio\2022\Professional\VC\Tools\MSVC\14.43.34808\include\xstring(3270,17):
      o       'bool std::operator <(const std::basic_string<_Elem,_Traits,_Alloc> &,const std::basic_string<_Elem,_Traits,_Alloc> &) noexcept'
          C:\Users\Pc\Documents\GitHub\Farmacia-App\app\ConsoleApplication1\ConsoleApplication1.cpp(43,18):
          "bool std::operator <(const std::basic_string<_Elem,_Traits,_Alloc> &,const std::basic_string<_Elem,_Traits,_Alloc> &) noexcept": no se pudo deducir el argumento plantilla para "const std::basic_string<_Elem,_Traits,_Alloc> &" de "int"
      C:\Program Files\Microsoft Visual Studio\2022\Professional\VC\Tools\MSVC\14.43.34808\include\xutility(4494,30):
      o       'bool std::operator <(const std::move_iterator<_Iter> &,const std::move_iterator<_Iter2> &) noexcept(<expr>)'
          C:\Users\Pc\Documents\GitHub\Farmacia-App\app\ConsoleApplication1\ConsoleApplication1.cpp(43,18):
          "bool std::operator <(const std::move_iterator<_Iter> &,const std::move_iterator<_Iter2> &) noexcept(<expr>)": no se pudo deducir el argumento plantilla para "const std::move_iterator<_Iter> &" de "int"
      C:\Program Files\Microsoft Visual Studio\2022\Professional\VC\Tools\MSVC\14.43.34808\include\xutility(1950,30):
      o       'bool std::operator <(const std::reverse_iterator<_BidIt> &,const std::reverse_iterator<_BidIt2> &) noexcept(<expr>)'
          C:\Users\Pc\Documents\GitHub\Farmacia-App\app\ConsoleApplication1\ConsoleApplication1.cpp(43,18):
          "bool std::operator <(const std::reverse_iterator<_BidIt> &,const std::reverse_iterator<_BidIt2> &) noexcept(<expr>)": no se pudo deducir el argumento plantilla para "const std::reverse_iterator<_BidIt> &" de "int"
      C:\Program Files\Microsoft Visual Studio\2022\Professional\VC\Tools\MSVC\14.43.34808\include\utility(524,27):
      o       'bool std::operator <(const std::pair<_Ty1,_Ty2> &,const std::pair<_Uty1,_Uty2> &)'
          C:\Users\Pc\Documents\GitHub\Farmacia-App\app\ConsoleApplication1\ConsoleApplication1.cpp(43,18):
          "bool std::operator <(const std::pair<_Ty1,_Ty2> &,const std::pair<_Uty1,_Uty2> &)": no se pudo deducir el argumento plantilla para "const std::pair<_Ty1,_Ty2> &" de "int"
  
C:\Users\Pc\Documents\GitHub\Farmacia-App\app\ConsoleApplication1\ConsoleApplication1.cpp(44,17): error C2676: '[' binario: 'Producto' no define este operador o una conversión a un tipo aceptable para el operador predefinido
C:\Users\Pc\Documents\GitHub\Farmacia-App\app\ConsoleApplication1\ConsoleApplication1.cpp(45,36): error C2676: '[' binario: 'Producto' no define este operador o una conversión a un tipo aceptable para el operador predefinido
C:\Users\Pc\Documents\GitHub\Farmacia-App\app\ConsoleApplication1\ConsoleApplication1.cpp(45,77): error C2676: '[' binario: 'Producto' no define este operador o una conversión a un tipo aceptable para el operador predefinido
C:\Users\Pc\Documents\GitHub\Farmacia-App\app\ConsoleApplication1\ConsoleApplication1.cpp(46,35): error C2676: '[' binario: 'Producto' no define este operador o una conversión a un tipo aceptable para el operador predefinido
C:\Users\Pc\Documents\GitHub\Farmacia-App\app\ConsoleApplication1\ConsoleApplication1.cpp(46,72): error C2676: '[' binario: 'Producto' no define este operador o una conversión a un tipo aceptable para el operador predefinido
C:\Users\Pc\Documents\GitHub\Farmacia-App\app\ConsoleApplication1\ConsoleApplication1.cpp(52,31): warning C4244: '=': conversión de 'float' a 'int'; posible pérdida de datos
C:\Users\Pc\Documents\GitHub\Farmacia-App\app\ConsoleApplication1\ConsoleApplication1.cpp(65,2): error C2046: palabra clave case no válida
C:\Users\Pc\Documents\GitHub\Farmacia-App\app\ConsoleApplication1\ConsoleApplication1.cpp(67,2): error C2046: palabra clave case no válida
C:\Users\Pc\Documents\GitHub\Farmacia-App\app\ConsoleApplication1\ConsoleApplication1.cpp(74,2): error C2046: palabra clave case no válida
C:\Users\Pc\Documents\GitHub\Farmacia-App\app\ConsoleApplication1\ConsoleApplication1.cpp(78,2): error C2046: palabra clave case no válida
C:\Users\Pc\Documents\GitHub\Farmacia-App\app\ConsoleApplication1\ConsoleApplication1.cpp(79,16): error C2440: '=': no se puede realizar la conversión de 'const char [2]' a 'int'
      C:\Users\Pc\Documents\GitHub\Farmacia-App\app\ConsoleApplication1\ConsoleApplication1.cpp(79,16):
      No existe un contexto en el que sea posible realizar esta conversión
  
C:\Users\Pc\Documents\GitHub\Farmacia-App\app\ConsoleApplication1\ConsoleApplication1.cpp(82,3): error C2143: error de sintaxis: falta ';' delante de '}'
